Analysis & Synthesis report for ALU
Wed Sep 16 14:05:32 2020
Quartus II Version 9.1 Build 350 03/24/2010 Service Pack 2 SJ Web Edition


---------------------
; Table of Contents ;
---------------------
  1. Legal Notice
  2. Analysis & Synthesis Summary
  3. Analysis & Synthesis Settings
  4. Parallel Compilation
  5. Analysis & Synthesis Source Files Read
  6. Analysis & Synthesis Resource Usage Summary
  7. Analysis & Synthesis Resource Utilization by Entity
  8. User-Specified and Inferred Latches
  9. General Register Statistics
 10. Multiplexer Restructuring Statistics (Restructuring Performed)
 11. Port Connectivity Checks: "Increment:u9|EightBitAddition:u1"
 12. Port Connectivity Checks: "Decrement:u8|Subtraction:u1"
 13. Port Connectivity Checks: "Minimum:u5|Subtraction:u1"
 14. Port Connectivity Checks: "Maximum:u4|Subtraction:u1|EightBitAddition:u2"
 15. Port Connectivity Checks: "Maximum:u4|Subtraction:u1"
 16. Port Connectivity Checks: "TwosComplement:u1|EightBitAddition:u1"
 17. Analysis & Synthesis Messages



----------------
; Legal Notice ;
----------------
Copyright (C) 1991-2010 Altera Corporation
Your use of Altera Corporation's design tools, logic functions 
and other software and tools, and its AMPP partner logic 
functions, and any output files from any of the foregoing 
(including device programming or simulation files), and any 
associated documentation or information are expressly subject 
to the terms and conditions of the Altera Program License 
Subscription Agreement, Altera MegaCore Function License 
Agreement, or other applicable license agreement, including, 
without limitation, that your use is for the sole purpose of 
programming logic devices manufactured by Altera and sold by 
Altera or its authorized distributors.  Please refer to the 
applicable agreement for further details.



+-----------------------------------------------------------------------------------+
; Analysis & Synthesis Summary                                                      ;
+------------------------------------+----------------------------------------------+
; Analysis & Synthesis Status        ; Successful - Wed Sep 16 14:05:32 2020        ;
; Quartus II Version                 ; 9.1 Build 350 03/24/2010 SP 2 SJ Web Edition ;
; Revision Name                      ; ALU                                          ;
; Top-level Entity Name              ; ALU_Group_03                                 ;
; Family                             ; Cyclone II                                   ;
; Total logic elements               ; 156                                          ;
;     Total combinational functions  ; 156                                          ;
;     Dedicated logic registers      ; 0                                            ;
; Total registers                    ; 0                                            ;
; Total pins                         ; 62                                           ;
; Total virtual pins                 ; 0                                            ;
; Total memory bits                  ; 0                                            ;
; Embedded Multiplier 9-bit elements ; 0                                            ;
; Total PLLs                         ; 0                                            ;
+------------------------------------+----------------------------------------------+


+----------------------------------------------------------------------------------------------------------------------+
; Analysis & Synthesis Settings                                                                                        ;
+----------------------------------------------------------------------------+--------------------+--------------------+
; Option                                                                     ; Setting            ; Default Value      ;
+----------------------------------------------------------------------------+--------------------+--------------------+
; Device                                                                     ; EP2C20F484C7       ;                    ;
; Top-level entity name                                                      ; ALU_Group_03       ; ALU                ;
; Family name                                                                ; Cyclone II         ; Stratix II         ;
; Type of Retiming Performed During Resynthesis                              ; Full               ;                    ;
; Resynthesis Optimization Effort                                            ; Normal             ;                    ;
; Physical Synthesis Level for Resynthesis                                   ; Normal             ;                    ;
; Use Generated Physical Constraints File                                    ; On                 ;                    ;
; Use smart compilation                                                      ; Off                ; Off                ;
; Enable parallel Assembler and TimeQuest Timing Analyzer during compilation ; On                 ; On                 ;
; Enable compact report table                                                ; Off                ; Off                ;
; Restructure Multiplexers                                                   ; Auto               ; Auto               ;
; Create Debugging Nodes for IP Cores                                        ; Off                ; Off                ;
; Preserve fewer node names                                                  ; On                 ; On                 ;
; Disable OpenCore Plus hardware evaluation                                  ; Off                ; Off                ;
; Verilog Version                                                            ; Verilog_2001       ; Verilog_2001       ;
; VHDL Version                                                               ; VHDL_1993          ; VHDL_1993          ;
; State Machine Processing                                                   ; Auto               ; Auto               ;
; Safe State Machine                                                         ; Off                ; Off                ;
; Extract Verilog State Machines                                             ; On                 ; On                 ;
; Extract VHDL State Machines                                                ; On                 ; On                 ;
; Ignore Verilog initial constructs                                          ; Off                ; Off                ;
; Iteration limit for constant Verilog loops                                 ; 5000               ; 5000               ;
; Iteration limit for non-constant Verilog loops                             ; 250                ; 250                ;
; Add Pass-Through Logic to Inferred RAMs                                    ; On                 ; On                 ;
; Parallel Synthesis                                                         ; On                 ; On                 ;
; DSP Block Balancing                                                        ; Auto               ; Auto               ;
; NOT Gate Push-Back                                                         ; On                 ; On                 ;
; Power-Up Don't Care                                                        ; On                 ; On                 ;
; Remove Redundant Logic Cells                                               ; Off                ; Off                ;
; Remove Duplicate Registers                                                 ; On                 ; On                 ;
; Ignore CARRY Buffers                                                       ; Off                ; Off                ;
; Ignore CASCADE Buffers                                                     ; Off                ; Off                ;
; Ignore GLOBAL Buffers                                                      ; Off                ; Off                ;
; Ignore ROW GLOBAL Buffers                                                  ; Off                ; Off                ;
; Ignore LCELL Buffers                                                       ; Off                ; Off                ;
; Ignore SOFT Buffers                                                        ; On                 ; On                 ;
; Limit AHDL Integers to 32 Bits                                             ; Off                ; Off                ;
; Optimization Technique                                                     ; Balanced           ; Balanced           ;
; Carry Chain Length                                                         ; 70                 ; 70                 ;
; Auto Carry Chains                                                          ; On                 ; On                 ;
; Auto Open-Drain Pins                                                       ; On                 ; On                 ;
; Perform WYSIWYG Primitive Resynthesis                                      ; Off                ; Off                ;
; Auto ROM Replacement                                                       ; On                 ; On                 ;
; Auto RAM Replacement                                                       ; On                 ; On                 ;
; Auto Shift Register Replacement                                            ; Auto               ; Auto               ;
; Auto Clock Enable Replacement                                              ; On                 ; On                 ;
; Strict RAM Replacement                                                     ; Off                ; Off                ;
; Allow Synchronous Control Signals                                          ; On                 ; On                 ;
; Force Use of Synchronous Clear Signals                                     ; Off                ; Off                ;
; Auto RAM to Logic Cell Conversion                                          ; Off                ; Off                ;
; Auto Resource Sharing                                                      ; Off                ; Off                ;
; Allow Any RAM Size For Recognition                                         ; Off                ; Off                ;
; Allow Any ROM Size For Recognition                                         ; Off                ; Off                ;
; Allow Any Shift Register Size For Recognition                              ; Off                ; Off                ;
; Use LogicLock Constraints during Resource Balancing                        ; On                 ; On                 ;
; Ignore translate_off and synthesis_off directives                          ; Off                ; Off                ;
; Timing-Driven Synthesis                                                    ; Off                ; Off                ;
; Show Parameter Settings Tables in Synthesis Report                         ; On                 ; On                 ;
; Ignore Maximum Fan-Out Assignments                                         ; Off                ; Off                ;
; Synchronization Register Chain Length                                      ; 2                  ; 2                  ;
; PowerPlay Power Optimization                                               ; Normal compilation ; Normal compilation ;
; HDL message level                                                          ; Level2             ; Level2             ;
; Suppress Register Optimization Related Messages                            ; Off                ; Off                ;
; Number of Removed Registers Reported in Synthesis Report                   ; 5000               ; 5000               ;
; Number of Inverted Registers Reported in Synthesis Report                  ; 100                ; 100                ;
; Clock MUX Protection                                                       ; On                 ; On                 ;
; Auto Gated Clock Conversion                                                ; Off                ; Off                ;
; Block Design Naming                                                        ; Auto               ; Auto               ;
; SDC constraint protection                                                  ; Off                ; Off                ;
; Synthesis Effort                                                           ; Auto               ; Auto               ;
; Shift Register Replacement - Allow Asynchronous Clear Signal               ; On                 ; On                 ;
; Analysis & Synthesis Message Level                                         ; Medium             ; Medium             ;
; Disable Register Merging Across Hierarchies                                ; Auto               ; Auto               ;
; Resource Aware Inference For Block RAM                                     ; On                 ; On                 ;
+----------------------------------------------------------------------------+--------------------+--------------------+


Parallel compilation was disabled, but you have multiple processors available. Enable parallel compilation to reduce compilation time.
+-------------------------------------+
; Parallel Compilation                ;
+----------------------------+--------+
; Processors                 ; Number ;
+----------------------------+--------+
; Number detected on machine ; 6      ;
; Maximum allowed            ; 1      ;
+----------------------------+--------+


+---------------------------------------------------------------------------------------------------------------------------------------------------+
; Analysis & Synthesis Source Files Read                                                                                                            ;
+----------------------------------+-----------------+-----------------+----------------------------------------------------------------------------+
; File Name with User-Entered Path ; Used in Netlist ; File Type       ; File Name with Absolute Path                                               ;
+----------------------------------+-----------------+-----------------+----------------------------------------------------------------------------+
; TwosComplement.vhd               ; yes             ; User VHDL File  ; C:/Users/Ali Saad/Desktop/VHDL Project/Group_03/ALU/TwosComplement.vhd     ;
; Equality.vhd                     ; yes             ; User VHDL File  ; C:/Users/Ali Saad/Desktop/VHDL Project/Group_03/ALU/Equality.vhd           ;
; MSBLSB.vhd                       ; yes             ; User VHDL File  ; C:/Users/Ali Saad/Desktop/VHDL Project/Group_03/ALU/MSBLSB.vhd             ;
; Maximum.vhd                      ; yes             ; User VHDL File  ; C:/Users/Ali Saad/Desktop/VHDL Project/Group_03/ALU/Maximum.vhd            ;
; Minimum.vhd                      ; yes             ; User VHDL File  ; C:/Users/Ali Saad/Desktop/VHDL Project/Group_03/ALU/Minimum.vhd            ;
; EightBitAddition.vhd             ; yes             ; User VHDL File  ; C:/Users/Ali Saad/Desktop/VHDL Project/Group_03/ALU/EightBitAddition.vhd   ;
; Subtraction.vhd                  ; yes             ; User VHDL File  ; C:/Users/Ali Saad/Desktop/VHDL Project/Group_03/ALU/Subtraction.vhd        ;
; Increment.vhd                    ; yes             ; User VHDL File  ; C:/Users/Ali Saad/Desktop/VHDL Project/Group_03/ALU/Increment.vhd          ;
; Decrement.vhd                    ; yes             ; User VHDL File  ; C:/Users/Ali Saad/Desktop/VHDL Project/Group_03/ALU/Decrement.vhd          ;
; CircularRightShift.vhd           ; yes             ; User VHDL File  ; C:/Users/Ali Saad/Desktop/VHDL Project/Group_03/ALU/CircularRightShift.vhd ;
; ALU_Group_03.vhd                 ; yes             ; User VHDL File  ; C:/Users/Ali Saad/Desktop/VHDL Project/Group_03/ALU/ALU_Group_03.vhd       ;
+----------------------------------+-----------------+-----------------+----------------------------------------------------------------------------+


+-----------------------------------------------------+
; Analysis & Synthesis Resource Usage Summary         ;
+---------------------------------------------+-------+
; Resource                                    ; Usage ;
+---------------------------------------------+-------+
; Estimated Total logic elements              ; 156   ;
;                                             ;       ;
; Total combinational functions               ; 156   ;
; Logic element usage by number of LUT inputs ;       ;
;     -- 4 input functions                    ; 96    ;
;     -- 3 input functions                    ; 52    ;
;     -- <=2 input functions                  ; 8     ;
;                                             ;       ;
; Logic elements by mode                      ;       ;
;     -- normal mode                          ; 156   ;
;     -- arithmetic mode                      ; 0     ;
;                                             ;       ;
; Total registers                             ; 0     ;
;     -- Dedicated logic registers            ; 0     ;
;     -- I/O registers                        ; 0     ;
;                                             ;       ;
; I/O pins                                    ; 62    ;
; Maximum fan-out node                        ; C[2]  ;
; Maximum fan-out                             ; 26    ;
; Total fan-out                               ; 598   ;
; Average fan-out                             ; 2.74  ;
+---------------------------------------------+-------+


+----------------------------------------------------------------------------------------------------------------------------------------------------------------------------------------------------------------------------------------------+
; Analysis & Synthesis Resource Utilization by Entity                                                                                                                                                                                          ;
+-----------------------------------+-------------------+--------------+-------------+--------------+---------+-----------+------+--------------+-------------------------------------------------------------------------------+--------------+
; Compilation Hierarchy Node        ; LC Combinationals ; LC Registers ; Memory Bits ; DSP Elements ; DSP 9x9 ; DSP 18x18 ; Pins ; Virtual Pins ; Full Hierarchy Name                                                           ; Library Name ;
+-----------------------------------+-------------------+--------------+-------------+--------------+---------+-----------+------+--------------+-------------------------------------------------------------------------------+--------------+
; |ALU_Group_03                     ; 156 (104)         ; 0 (0)        ; 0           ; 0            ; 0       ; 0         ; 62   ; 0            ; |ALU_Group_03                                                                 ; work         ;
;    |EightBitAddition:u6|          ; 15 (15)           ; 0 (0)        ; 0           ; 0            ; 0       ; 0         ; 0    ; 0            ; |ALU_Group_03|EightBitAddition:u6                                             ; work         ;
;    |Equality:u2|                  ; 2 (2)             ; 0 (0)        ; 0           ; 0            ; 0       ; 0         ; 0    ; 0            ; |ALU_Group_03|Equality:u2                                                     ; work         ;
;    |Increment:u11|                ; 6 (0)             ; 0 (0)        ; 0           ; 0            ; 0       ; 0         ; 0    ; 0            ; |ALU_Group_03|Increment:u11                                                   ; work         ;
;       |EightBitAddition:u1|       ; 6 (6)             ; 0 (0)        ; 0           ; 0            ; 0       ; 0         ; 0    ; 0            ; |ALU_Group_03|Increment:u11|EightBitAddition:u1                               ; work         ;
;    |Increment:u9|                 ; 5 (0)             ; 0 (0)        ; 0           ; 0            ; 0       ; 0         ; 0    ; 0            ; |ALU_Group_03|Increment:u9                                                    ; work         ;
;       |EightBitAddition:u1|       ; 5 (5)             ; 0 (0)        ; 0           ; 0            ; 0       ; 0         ; 0    ; 0            ; |ALU_Group_03|Increment:u9|EightBitAddition:u1                                ; work         ;
;    |Maximum:u4|                   ; 11 (0)            ; 0 (0)        ; 0           ; 0            ; 0       ; 0         ; 0    ; 0            ; |ALU_Group_03|Maximum:u4                                                      ; work         ;
;       |Subtraction:u1|            ; 11 (0)            ; 0 (0)        ; 0           ; 0            ; 0       ; 0         ; 0    ; 0            ; |ALU_Group_03|Maximum:u4|Subtraction:u1                                       ; work         ;
;          |EightBitAddition:u2|    ; 7 (7)             ; 0 (0)        ; 0           ; 0            ; 0       ; 0         ; 0    ; 0            ; |ALU_Group_03|Maximum:u4|Subtraction:u1|EightBitAddition:u2                   ; work         ;
;          |TwosComplement:u1|      ; 4 (0)             ; 0 (0)        ; 0           ; 0            ; 0       ; 0         ; 0    ; 0            ; |ALU_Group_03|Maximum:u4|Subtraction:u1|TwosComplement:u1                     ; work         ;
;             |EightBitAddition:u1| ; 4 (4)             ; 0 (0)        ; 0           ; 0            ; 0       ; 0         ; 0    ; 0            ; |ALU_Group_03|Maximum:u4|Subtraction:u1|TwosComplement:u1|EightBitAddition:u1 ; work         ;
;    |Subtraction:u7|               ; 6 (0)             ; 0 (0)        ; 0           ; 0            ; 0       ; 0         ; 0    ; 0            ; |ALU_Group_03|Subtraction:u7                                                  ; work         ;
;       |EightBitAddition:u2|       ; 5 (5)             ; 0 (0)        ; 0           ; 0            ; 0       ; 0         ; 0    ; 0            ; |ALU_Group_03|Subtraction:u7|EightBitAddition:u2                              ; work         ;
;       |TwosComplement:u1|         ; 1 (0)             ; 0 (0)        ; 0           ; 0            ; 0       ; 0         ; 0    ; 0            ; |ALU_Group_03|Subtraction:u7|TwosComplement:u1                                ; work         ;
;          |EightBitAddition:u1|    ; 1 (1)             ; 0 (0)        ; 0           ; 0            ; 0       ; 0         ; 0    ; 0            ; |ALU_Group_03|Subtraction:u7|TwosComplement:u1|EightBitAddition:u1            ; work         ;
;    |TwosComplement:u10|           ; 2 (0)             ; 0 (0)        ; 0           ; 0            ; 0       ; 0         ; 0    ; 0            ; |ALU_Group_03|TwosComplement:u10                                              ; work         ;
;       |EightBitAddition:u1|       ; 2 (2)             ; 0 (0)        ; 0           ; 0            ; 0       ; 0         ; 0    ; 0            ; |ALU_Group_03|TwosComplement:u10|EightBitAddition:u1                          ; work         ;
;    |TwosComplement:u1|            ; 5 (0)             ; 0 (0)        ; 0           ; 0            ; 0       ; 0         ; 0    ; 0            ; |ALU_Group_03|TwosComplement:u1                                               ;              ;
;       |EightBitAddition:u1|       ; 5 (5)             ; 0 (0)        ; 0           ; 0            ; 0       ; 0         ; 0    ; 0            ; |ALU_Group_03|TwosComplement:u1|EightBitAddition:u1                           ; work         ;
+-----------------------------------+-------------------+--------------+-------------+--------------+---------+-----------+------+--------------+-------------------------------------------------------------------------------+--------------+
Note: For table entries with two numbers listed, the numbers in parentheses indicate the number of resources of the given type used by the specific entity alone. The numbers listed outside of parentheses indicate the total resources of the given type used by the specific entity and all of its sub-entities in the hierarchy.


+----------------------------------------------------------------------------------------------------+
; User-Specified and Inferred Latches                                                                ;
+-----------------------------------------------------+---------------------+------------------------+
; Latch Name                                          ; Latch Enable Signal ; Free of Timing Hazards ;
+-----------------------------------------------------+---------------------+------------------------+
; output[0]                                           ; Mux20               ; yes                    ;
; output[1]                                           ; Mux20               ; yes                    ;
; output[2]                                           ; Mux20               ; yes                    ;
; output[3]                                           ; Mux20               ; yes                    ;
; output[4]                                           ; Mux20               ; yes                    ;
; output[5]                                           ; Mux20               ; yes                    ;
; output[6]                                           ; Mux20               ; yes                    ;
; output[7]                                           ; Mux20               ; yes                    ;
; output[8]                                           ; Mux20               ; yes                    ;
; output[9]                                           ; Mux20               ; yes                    ;
; Oint[0]$latch                                       ; Mux20               ; yes                    ;
; Oint[1]$latch                                       ; Mux20               ; yes                    ;
; Oint[2]$latch                                       ; Mux20               ; yes                    ;
; Oint[3]$latch                                       ; Mux20               ; yes                    ;
; Oint[4]$latch                                       ; Mux20               ; yes                    ;
; Oint[5]$latch                                       ; Mux20               ; yes                    ;
; Oint[6]$latch                                       ; Mux20               ; yes                    ;
; Oint[7]$latch                                       ; Mux20               ; yes                    ;
; Oint[8]$latch                                       ; Mux20               ; yes                    ;
; Oint[9]$latch                                       ; Mux20               ; yes                    ;
; Oint[10]$latch                                      ; Mux20               ; yes                    ;
; Oint[11]$latch                                      ; Mux20               ; yes                    ;
; Oint[12]$latch                                      ; Mux20               ; yes                    ;
; Oint[13]$latch                                      ; Mux20               ; yes                    ;
; Oint[14]$latch                                      ; Mux20               ; yes                    ;
; Oint[15]$latch                                      ; Mux20               ; yes                    ;
; Oint[16]$latch                                      ; Mux20               ; yes                    ;
; Oint[17]$latch                                      ; Mux20               ; yes                    ;
; Oint[18]$latch                                      ; Mux20               ; yes                    ;
; Oint[19]$latch                                      ; Mux20               ; yes                    ;
; Oint[20]$latch                                      ; Mux20               ; yes                    ;
; Oint[21]$latch                                      ; Mux20               ; yes                    ;
; Oint[22]$latch                                      ; Mux20               ; yes                    ;
; Oint[23]$latch                                      ; Mux20               ; yes                    ;
; Oint[24]$latch                                      ; Mux20               ; yes                    ;
; Oint[25]$latch                                      ; Mux20               ; yes                    ;
; Oint[26]$latch                                      ; Mux20               ; yes                    ;
; Oint[27]$latch                                      ; Mux20               ; yes                    ;
; Oint[28]$latch                                      ; Mux20               ; yes                    ;
; Oint[29]$latch                                      ; Mux20               ; yes                    ;
; Oint[30]$latch                                      ; Mux20               ; yes                    ;
; Oint[31]$latch                                      ; Mux20               ; yes                    ;
; Number of user-specified and inferred latches = 42  ;                     ;                        ;
+-----------------------------------------------------+---------------------+------------------------+
Note: All latches listed above may not be present at the end of synthesis due to various synthesis optimizations.


+------------------------------------------------------+
; General Register Statistics                          ;
+----------------------------------------------+-------+
; Statistic                                    ; Value ;
+----------------------------------------------+-------+
; Total registers                              ; 0     ;
; Number of registers using Synchronous Clear  ; 0     ;
; Number of registers using Synchronous Load   ; 0     ;
; Number of registers using Asynchronous Clear ; 0     ;
; Number of registers using Asynchronous Load  ; 0     ;
; Number of registers using Clock Enable       ; 0     ;
; Number of registers using Preset             ; 0     ;
+----------------------------------------------+-------+


+------------------------------------------------------------------------------------------------------------------------------------------+
; Multiplexer Restructuring Statistics (Restructuring Performed)                                                                           ;
+--------------------+-----------+---------------+----------------------+------------------------+------------+----------------------------+
; Multiplexer Inputs ; Bus Width ; Baseline Area ; Area if Restructured ; Saving if Restructured ; Registered ; Example Multiplexer Output ;
+--------------------+-----------+---------------+----------------------+------------------------+------------+----------------------------+
; 8:1                ; 5 bits    ; 25 LEs        ; 10 LEs               ; 15 LEs                 ; No         ; |ALU_Group_03|Mux3         ;
; 10:1               ; 4 bits    ; 24 LEs        ; 12 LEs               ; 12 LEs                 ; No         ; |ALU_Group_03|Mux7         ;
; 4:1                ; 10 bits   ; 20 LEs        ; 0 LEs                ; 20 LEs                 ; No         ; |ALU_Group_03|Mux10        ;
; 6:1                ; 2 bits    ; 8 LEs         ; 8 LEs                ; 0 LEs                  ; No         ; |ALU_Group_03|Mux28        ;
; 11:1               ; 6 bits    ; 42 LEs        ; 30 LEs               ; 12 LEs                 ; No         ; |ALU_Group_03|Mux22        ;
+--------------------+-----------+---------------+----------------------+------------------------+------------+----------------------------+


+--------------------------------------------------------------+
; Port Connectivity Checks: "Increment:u9|EightBitAddition:u1" ;
+---------+-------+----------+---------------------------------+
; Port    ; Type  ; Severity ; Details                         ;
+---------+-------+----------+---------------------------------+
; b[7..1] ; Input ; Info     ; Stuck at GND                    ;
; b[0]    ; Input ; Info     ; Stuck at VCC                    ;
+---------+-------+----------+---------------------------------+


+---------------------------------------------------------+
; Port Connectivity Checks: "Decrement:u8|Subtraction:u1" ;
+---------+-------+----------+----------------------------+
; Port    ; Type  ; Severity ; Details                    ;
+---------+-------+----------+----------------------------+
; b[7..1] ; Input ; Info     ; Stuck at GND               ;
; b[0]    ; Input ; Info     ; Stuck at VCC               ;
+---------+-------+----------+----------------------------+


+-------------------------------------------------------------------------------------------------------------------+
; Port Connectivity Checks: "Minimum:u5|Subtraction:u1"                                                             ;
+---------+--------+----------+-------------------------------------------------------------------------------------+
; Port    ; Type   ; Severity ; Details                                                                             ;
+---------+--------+----------+-------------------------------------------------------------------------------------+
; z[6..0] ; Output ; Info     ; Connected to dangling logic. Logic that only feeds a dangling port will be removed. ;
+---------+--------+----------+-------------------------------------------------------------------------------------+


+----------------------------------------------------------------------------------------------------------------+
; Port Connectivity Checks: "Maximum:u4|Subtraction:u1|EightBitAddition:u2"                                      ;
+------+--------+----------+-------------------------------------------------------------------------------------+
; Port ; Type   ; Severity ; Details                                                                             ;
+------+--------+----------+-------------------------------------------------------------------------------------+
; cout ; Output ; Info     ; Connected to dangling logic. Logic that only feeds a dangling port will be removed. ;
+------+--------+----------+-------------------------------------------------------------------------------------+


+-------------------------------------------------------------------------------------------------------------------+
; Port Connectivity Checks: "Maximum:u4|Subtraction:u1"                                                             ;
+---------+--------+----------+-------------------------------------------------------------------------------------+
; Port    ; Type   ; Severity ; Details                                                                             ;
+---------+--------+----------+-------------------------------------------------------------------------------------+
; z[6..0] ; Output ; Info     ; Connected to dangling logic. Logic that only feeds a dangling port will be removed. ;
+---------+--------+----------+-------------------------------------------------------------------------------------+


+----------------------------------------------------------------------------------------------------------------------------------------+
; Port Connectivity Checks: "TwosComplement:u1|EightBitAddition:u1"                                                                      ;
+---------+--------+----------+----------------------------------------------------------------------------------------------------------+
; Port    ; Type   ; Severity ; Details                                                                                                  ;
+---------+--------+----------+----------------------------------------------------------------------------------------------------------+
; b[7..1] ; Input  ; Info     ; Stuck at GND                                                                                             ;
; b[0]    ; Input  ; Info     ; Stuck at VCC                                                                                             ;
; cout    ; Output ; Warning  ; Declared by entity but not connected by instance. Logic that only feeds a dangling port will be removed. ;
+---------+--------+----------+----------------------------------------------------------------------------------------------------------+


+-------------------------------+
; Analysis & Synthesis Messages ;
+-------------------------------+
Info: *******************************************************************
Info: Running Quartus II Analysis & Synthesis
    Info: Version 9.1 Build 350 03/24/2010 Service Pack 2 SJ Web Edition
    Info: Processing started: Wed Sep 16 14:05:28 2020
Info: Command: quartus_map --read_settings_files=on --write_settings_files=off ALU -c ALU
Info: Found 2 design units, including 1 entities, in source file twoscomplement.vhd
    Info: Found design unit 1: TwosComplement-behave
    Info: Found entity 1: TwosComplement
Info: Found 2 design units, including 1 entities, in source file equality.vhd
    Info: Found design unit 1: Equality-behave
    Info: Found entity 1: Equality
Info: Found 2 design units, including 1 entities, in source file msblsb.vhd
    Info: Found design unit 1: MSBLSB-behave
    Info: Found entity 1: MSBLSB
Info: Found 2 design units, including 1 entities, in source file maximum.vhd
    Info: Found design unit 1: Maximum-behave
    Info: Found entity 1: Maximum
Info: Found 2 design units, including 1 entities, in source file minimum.vhd
    Info: Found design unit 1: Minimum-behave
    Info: Found entity 1: Minimum
Info: Found 2 design units, including 1 entities, in source file eightbitaddition.vhd
    Info: Found design unit 1: EightBitAddition-behave
    Info: Found entity 1: EightBitAddition
Info: Found 2 design units, including 1 entities, in source file subtraction.vhd
    Info: Found design unit 1: Subtraction-behave
    Info: Found entity 1: Subtraction
Info: Found 2 design units, including 1 entities, in source file increment.vhd
    Info: Found design unit 1: Increment-behave
    Info: Found entity 1: Increment
Info: Found 2 design units, including 1 entities, in source file decrement.vhd
    Info: Found design unit 1: Decrement-behave
    Info: Found entity 1: Decrement
Info: Found 2 design units, including 1 entities, in source file circularrightshift.vhd
    Info: Found design unit 1: CircularRightShift-behave
    Info: Found entity 1: CircularRightShift
Info: Found 2 design units, including 1 entities, in source file circularleftshift.vhd
    Info: Found design unit 1: CircularLeftShift-behave
    Info: Found entity 1: CircularLeftShift
Info: Found 2 design units, including 1 entities, in source file alu_group_03.vhd
    Info: Found design unit 1: ALU_Group_03-arch_ALU
    Info: Found entity 1: ALU_Group_03
Info: Elaborating entity "ALU_Group_03" for the top level hierarchy
Warning (10631): VHDL Process Statement warning at ALU_Group_03.vhd(97): inferring latch(es) for signal or variable "output", which holds its previous value in one or more paths through the process
Warning (10631): VHDL Process Statement warning at ALU_Group_03.vhd(97): inferring latch(es) for signal or variable "Oint", which holds its previous value in one or more paths through the process
Info (10041): Inferred latch for "Oint[0]" at ALU_Group_03.vhd(97)
Info (10041): Inferred latch for "Oint[1]" at ALU_Group_03.vhd(97)
Info (10041): Inferred latch for "Oint[2]" at ALU_Group_03.vhd(97)
Info (10041): Inferred latch for "Oint[3]" at ALU_Group_03.vhd(97)
Info (10041): Inferred latch for "Oint[4]" at ALU_Group_03.vhd(97)
Info (10041): Inferred latch for "Oint[5]" at ALU_Group_03.vhd(97)
Info (10041): Inferred latch for "Oint[6]" at ALU_Group_03.vhd(97)
Info (10041): Inferred latch for "Oint[7]" at ALU_Group_03.vhd(97)
Info (10041): Inferred latch for "Oint[8]" at ALU_Group_03.vhd(97)
Info (10041): Inferred latch for "Oint[9]" at ALU_Group_03.vhd(97)
Info (10041): Inferred latch for "Oint[10]" at ALU_Group_03.vhd(97)
Info (10041): Inferred latch for "Oint[11]" at ALU_Group_03.vhd(97)
Info (10041): Inferred latch for "Oint[12]" at ALU_Group_03.vhd(97)
Info (10041): Inferred latch for "Oint[13]" at ALU_Group_03.vhd(97)
Info (10041): Inferred latch for "Oint[14]" at ALU_Group_03.vhd(97)
Info (10041): Inferred latch for "Oint[15]" at ALU_Group_03.vhd(97)
Info (10041): Inferred latch for "Oint[16]" at ALU_Group_03.vhd(97)
Info (10041): Inferred latch for "Oint[17]" at ALU_Group_03.vhd(97)
Info (10041): Inferred latch for "Oint[18]" at ALU_Group_03.vhd(97)
Info (10041): Inferred latch for "Oint[19]" at ALU_Group_03.vhd(97)
Info (10041): Inferred latch for "Oint[20]" at ALU_Group_03.vhd(97)
Info (10041): Inferred latch for "Oint[21]" at ALU_Group_03.vhd(97)
Info (10041): Inferred latch for "Oint[22]" at ALU_Group_03.vhd(97)
Info (10041): Inferred latch for "Oint[23]" at ALU_Group_03.vhd(97)
Info (10041): Inferred latch for "Oint[24]" at ALU_Group_03.vhd(97)
Info (10041): Inferred latch for "Oint[25]" at ALU_Group_03.vhd(97)
Info (10041): Inferred latch for "Oint[26]" at ALU_Group_03.vhd(97)
Info (10041): Inferred latch for "Oint[27]" at ALU_Group_03.vhd(97)
Info (10041): Inferred latch for "Oint[28]" at ALU_Group_03.vhd(97)
Info (10041): Inferred latch for "Oint[29]" at ALU_Group_03.vhd(97)
Info (10041): Inferred latch for "Oint[30]" at ALU_Group_03.vhd(97)
Info (10041): Inferred latch for "Oint[31]" at ALU_Group_03.vhd(97)
Info (10041): Inferred latch for "output[0]" at ALU_Group_03.vhd(97)
Info (10041): Inferred latch for "output[1]" at ALU_Group_03.vhd(97)
Info (10041): Inferred latch for "output[2]" at ALU_Group_03.vhd(97)
Info (10041): Inferred latch for "output[3]" at ALU_Group_03.vhd(97)
Info (10041): Inferred latch for "output[4]" at ALU_Group_03.vhd(97)
Info (10041): Inferred latch for "output[5]" at ALU_Group_03.vhd(97)
Info (10041): Inferred latch for "output[6]" at ALU_Group_03.vhd(97)
Info (10041): Inferred latch for "output[7]" at ALU_Group_03.vhd(97)
Info (10041): Inferred latch for "output[8]" at ALU_Group_03.vhd(97)
Info (10041): Inferred latch for "output[9]" at ALU_Group_03.vhd(97)
Info: Elaborating entity "TwosComplement" for hierarchy "TwosComplement:u1"
Info: Elaborating entity "EightBitAddition" for hierarchy "TwosComplement:u1|EightBitAddition:u1"
Info: Elaborating entity "Equality" for hierarchy "Equality:u2"
Info: Elaborating entity "MSBLSB" for hierarchy "MSBLSB:u3"
Info: Elaborating entity "Maximum" for hierarchy "Maximum:u4"
Info: Elaborating entity "Subtraction" for hierarchy "Maximum:u4|Subtraction:u1"
Warning (10036): Verilog HDL or VHDL warning at Subtraction.vhd(26): object "DC" assigned a value but never read
Info: Elaborating entity "Minimum" for hierarchy "Minimum:u5"
Info: Elaborating entity "Decrement" for hierarchy "Decrement:u8"
Info: Elaborating entity "Increment" for hierarchy "Increment:u9"
Info: Elaborating entity "CircularRightShift" for hierarchy "CircularRightShift:u12"
Warning: 1 hierarchies have connectivity warnings - see the Connectivity Checks report folder
Info: Duplicate LATCH primitives merged into single LATCH primitive
    Info: Duplicate LATCH primitive "output[9]" merged with LATCH primitive "output[8]"
    Info: Duplicate LATCH primitive "Oint[31]$latch" merged with LATCH primitive "Oint[8]$latch"
    Info: Duplicate LATCH primitive "Oint[30]$latch" merged with LATCH primitive "Oint[8]$latch"
    Info: Duplicate LATCH primitive "Oint[29]$latch" merged with LATCH primitive "Oint[8]$latch"
    Info: Duplicate LATCH primitive "Oint[28]$latch" merged with LATCH primitive "Oint[8]$latch"
    Info: Duplicate LATCH primitive "Oint[27]$latch" merged with LATCH primitive "Oint[8]$latch"
    Info: Duplicate LATCH primitive "Oint[26]$latch" merged with LATCH primitive "Oint[8]$latch"
    Info: Duplicate LATCH primitive "Oint[25]$latch" merged with LATCH primitive "Oint[8]$latch"
    Info: Duplicate LATCH primitive "Oint[24]$latch" merged with LATCH primitive "Oint[8]$latch"
    Info: Duplicate LATCH primitive "Oint[23]$latch" merged with LATCH primitive "Oint[8]$latch"
    Info: Duplicate LATCH primitive "Oint[22]$latch" merged with LATCH primitive "Oint[8]$latch"
    Info: Duplicate LATCH primitive "Oint[21]$latch" merged with LATCH primitive "Oint[8]$latch"
    Info: Duplicate LATCH primitive "Oint[20]$latch" merged with LATCH primitive "Oint[8]$latch"
    Info: Duplicate LATCH primitive "Oint[19]$latch" merged with LATCH primitive "Oint[8]$latch"
    Info: Duplicate LATCH primitive "Oint[18]$latch" merged with LATCH primitive "Oint[8]$latch"
    Info: Duplicate LATCH primitive "Oint[17]$latch" merged with LATCH primitive "Oint[8]$latch"
    Info: Duplicate LATCH primitive "Oint[16]$latch" merged with LATCH primitive "Oint[8]$latch"
    Info: Duplicate LATCH primitive "Oint[15]$latch" merged with LATCH primitive "Oint[8]$latch"
    Info: Duplicate LATCH primitive "Oint[14]$latch" merged with LATCH primitive "Oint[8]$latch"
    Info: Duplicate LATCH primitive "Oint[13]$latch" merged with LATCH primitive "Oint[8]$latch"
    Info: Duplicate LATCH primitive "Oint[12]$latch" merged with LATCH primitive "Oint[8]$latch"
    Info: Duplicate LATCH primitive "Oint[11]$latch" merged with LATCH primitive "Oint[8]$latch"
    Info: Duplicate LATCH primitive "Oint[10]$latch" merged with LATCH primitive "Oint[8]$latch"
    Info: Duplicate LATCH primitive "Oint[9]$latch" merged with LATCH primitive "Oint[8]$latch"
Warning: Latch output[0] has unsafe behavior
    Warning: Ports D and ENA on the latch are fed by the same signal C[1]
Warning: Latch output[1] has unsafe behavior
    Warning: Ports D and ENA on the latch are fed by the same signal C[1]
Warning: Latch output[2] has unsafe behavior
    Warning: Ports D and ENA on the latch are fed by the same signal C[1]
Warning: Latch output[3] has unsafe behavior
    Warning: Ports D and ENA on the latch are fed by the same signal C[1]
Warning: Latch output[4] has unsafe behavior
    Warning: Ports D and ENA on the latch are fed by the same signal C[1]
Warning: Latch output[5] has unsafe behavior
    Warning: Ports D and ENA on the latch are fed by the same signal C[1]
Warning: Latch output[6] has unsafe behavior
    Warning: Ports D and ENA on the latch are fed by the same signal C[1]
Warning: Latch output[7] has unsafe behavior
    Warning: Ports D and ENA on the latch are fed by the same signal C[1]
Warning: Latch output[8] has unsafe behavior
    Warning: Ports D and ENA on the latch are fed by the same signal C[1]
Info: Implemented 218 device resources after synthesis - the final resource count might be different
    Info: Implemented 20 input pins
    Info: Implemented 42 output pins
    Info: Implemented 156 logic cells
Info: Quartus II Analysis & Synthesis was successful. 0 errors, 22 warnings
    Info: Peak virtual memory: 250 megabytes
    Info: Processing ended: Wed Sep 16 14:05:32 2020
    Info: Elapsed time: 00:00:04
    Info: Total CPU time (on all processors): 00:00:03


